<?xml version="1.0" encoding="UTF-8"?>
<!-- Generated by org.testng.reporters.JUnitReportReporter -->
<testsuite hostname="DESKTOP-L6FTIVI" failures="0" tests="1" name="testDeclaration.Basics" time="14.194" errors="0" timestamp="2024-05-22T20:20:01 IST" skipped="0">
  <testcase classname="testDeclaration.Basics" name="launchBrowser" time="14.194"/>
  <system-out/>
</testsuite> <!-- testDeclaration.Basics -->
