<?xml version="1.0" encoding="UTF-8"?>
<!-- Generated by org.testng.reporters.JUnitReportReporter -->
<testsuite hostname="DESKTOP-L6FTIVI" failures="0" tests="1" name="testDeclaration.Basics" time="26.298" errors="0" timestamp="2024-05-25T14:38:00 IST" skipped="0">
  <testcase classname="testDeclaration.Basics" name="launchBrowser" time="26.298"/>
  <system-out/>
</testsuite> <!-- testDeclaration.Basics -->
